Starting job on  Wed Apr 24 05:54:49 PM CEST 2024
Running on: Linux b9s06p5149.cern.ch 5.14.0-362.18.1.el9_3.x86_64 #1 SMP PREEMPT_DYNAMIC Wed Jan 3 15:54:45 EST 2024 x86_64 x86_64 x86_64 GNU/Linux
System software: Red Hat Enterprise Linux release 9.3 (Plow)
copy cmssw tar file from store area
Reading cached build data
SCRAM warning: You are trying to compile/build for architecture slc7_amd64_gcc700 on EL9 OS which might not work.
If you know this SCRAM_ARCH/OS combination works then please first run 'scram build --ignore-arch'.
Done: ProjectRename
=========================================
...
====> Getting limit : 
 <<< Combine >>> 
>>> random number generator seed is 123456
>>> method used is AsymptoticLimits
SimNLL created with 4 channels, 0 generic constraints, 23 fast gaussian constraints, 0 fast poisson constraints, 0 fast group constraints, 

 -- AsymptoticLimits ( CLs ) --
Expected  2.5%: r < 402.1875
Expected 16.0%: r < 581.3672
Expected 50.0%: r < 880.0000
Expected 84.0%: r < 1360.5574
Expected 97.5%: r < 2013.1162

Done in 3.28 min (cpu), 3.32 min (real)
