Starting job on  Wed Apr 24 08:56:26 PM CEST 2024
Running on: Linux b9p09p9337.cern.ch 5.14.0-362.18.1.el9_3.x86_64 #1 SMP PREEMPT_DYNAMIC Wed Jan 3 15:54:45 EST 2024 x86_64 x86_64 x86_64 GNU/Linux
System software: Red Hat Enterprise Linux release 9.3 (Plow)
copy cmssw tar file from store area
SCRAM warning: You are trying to compile/build for architecture slc7_amd64_gcc700 on EL9 OS which might not work.
If you know this SCRAM_ARCH/OS combination works then please first run 'scram build --ignore-arch'.
gmake: *** [There are compilation/build errors. Please see the detail log above.] Error 2
=========================================
...
====> Getting limit : 
 <<< Combine >>> 
>>> random number generator seed is 123456
>>> method used is AsymptoticLimits
SimNLL created with 2 channels, 0 generic constraints, 22 fast gaussian constraints, 0 fast poisson constraints, 0 fast group constraints, 

 -- AsymptoticLimits ( CLs ) --
Expected  2.5%: r < 414.4805
Expected 16.0%: r < 598.8818
Expected 50.0%: r < 939.0000
Expected 84.0%: r < 1545.3489
Expected 97.5%: r < 2476.6863

Done in 1.13 min (cpu), 1.14 min (real)
