Starting job on  Wed Apr 24 08:55:45 PM CEST 2024
Running on: Linux b9g23p1155.cern.ch 5.14.0-362.8.1.el9_3.x86_64 #1 SMP PREEMPT_DYNAMIC Tue Oct 3 11:12:36 EDT 2023 x86_64 x86_64 x86_64 GNU/Linux
System software: Red Hat Enterprise Linux release 9.3 (Plow)
copy cmssw tar file from store area
SCRAM warning: You are trying to compile/build for architecture slc7_amd64_gcc700 on EL9 OS which might not work.
If you know this SCRAM_ARCH/OS combination works then please first run 'scram build --ignore-arch'.
gmake: *** [There are compilation/build errors. Please see the detail log above.] Error 2
=========================================
...
====> Getting limit : 
 <<< Combine >>> 
>>> random number generator seed is 123456
>>> method used is AsymptoticLimits
SimNLL created with 4 channels, 0 generic constraints, 24 fast gaussian constraints, 0 fast poisson constraints, 0 fast group constraints, 

 -- AsymptoticLimits ( CLs ) --
Expected  2.5%: r < 400.2676
Expected 16.0%: r < 590.7396
Expected 50.0%: r < 919.0000
Expected 84.0%: r < 1365.9071
Expected 97.5%: r < 2336.9343

Done in 5.80 min (cpu), 6.00 min (real)
