Starting job on  Wed Apr 24 08:25:33 PM CEST 2024
Running on: Linux b9s06p5348.cern.ch 5.14.0-362.24.1.el9_3.x86_64 #1 SMP PREEMPT_DYNAMIC Thu Feb 15 07:18:13 EST 2024 x86_64 x86_64 x86_64 GNU/Linux
System software: Red Hat Enterprise Linux release 9.3 (Plow)
copy cmssw tar file from store area
SCRAM warning: You are trying to compile/build for architecture slc7_amd64_gcc700 on EL9 OS which might not work.
If you know this SCRAM_ARCH/OS combination works then please first run 'scram build --ignore-arch'.
gmake: *** [There are compilation/build errors. Please see the detail log above.] Error 2
=========================================
...
====> Getting limit : 
 <<< Combine >>> 
>>> random number generator seed is 123456
>>> method used is AsymptoticLimits
SimNLL created with 2 channels, 0 generic constraints, 20 fast gaussian constraints, 0 fast poisson constraints, 0 fast group constraints, 

 -- AsymptoticLimits ( CLs ) --
Expected  2.5%: r < 21.0234
Expected 16.0%: r < 30.1945
Expected 50.0%: r < 46.0000
Expected 84.0%: r < 72.0368
Expected 97.5%: r < 113.9083

Done in 0.16 min (cpu), 0.17 min (real)
