Starting job on  Wed Apr 24 08:25:31 PM CEST 2024
Running on: Linux b9s07p5647.cern.ch 5.14.0-362.18.1.el9_3.x86_64 #1 SMP PREEMPT_DYNAMIC Wed Jan 3 15:54:45 EST 2024 x86_64 x86_64 x86_64 GNU/Linux
System software: Red Hat Enterprise Linux release 9.3 (Plow)
copy cmssw tar file from store area
SCRAM warning: You are trying to compile/build for architecture slc7_amd64_gcc700 on EL9 OS which might not work.
If you know this SCRAM_ARCH/OS combination works then please first run 'scram build --ignore-arch'.
gmake: *** [There are compilation/build errors. Please see the detail log above.] Error 2
=========================================
...
====> Getting limit : 
 <<< Combine >>> 
>>> random number generator seed is 123456
>>> method used is AsymptoticLimits
SimNLL created with 2 channels, 0 generic constraints, 19 fast gaussian constraints, 0 fast poisson constraints, 0 fast group constraints, 

 -- AsymptoticLimits ( CLs ) --
Expected  2.5%: r < 54.8818
Expected 16.0%: r < 74.9290
Expected 50.0%: r < 107.2500
Expected 84.0%: r < 155.5578
Expected 97.5%: r < 236.1806

Done in 0.86 min (cpu), 0.88 min (real)
