Starting job on  Sun Feb 4 08:47:48 PM CET 2024
Running on: Linux b9g21p7288.cern.ch 5.14.0-362.8.1.el9_3.x86_64 #1 SMP PREEMPT_DYNAMIC Tue Oct 3 11:12:36 EDT 2023 x86_64 x86_64 x86_64 GNU/Linux
System software: Red Hat Enterprise Linux release 9.3 (Plow)
copy cmssw tar file from store area
SCRAM warning: You are trying to compile/build for architecture slc7_amd64_gcc700 on EL9 OS which might not work.
If you know this SCRAM_ARCH/OS combination works then please first run 'scram build --ignore-arch'.
Done: ProjectRename
=========================================
...
====> Getting limit : 
 <<< Combine >>> 
>>> random number generator seed is 123456
>>> method used is AsymptoticLimits
SimNLL created with 11 channels, 0 generic constraints, 26 fast gaussian constraints, 0 fast poisson constraints, 0 fast group constraints, 

 -- AsymptoticLimits ( CLs ) --
Expected  2.5%: r < 6.5684
Expected 16.0%: r < 9.3289
Expected 50.0%: r < 14.2500
Expected 84.0%: r < 22.4862
Expected 97.5%: r < 34.3749

Done in 1.39 min (cpu), 1.40 min (real)
