Starting job on  Sun Feb 4 08:47:48 PM CET 2024
Running on: Linux b9g21p3229.cern.ch 5.14.0-284.30.1.el9_2.x86_64 #1 SMP PREEMPT_DYNAMIC Fri Aug 25 09:13:12 EDT 2023 x86_64 x86_64 x86_64 GNU/Linux
System software: Red Hat Enterprise Linux release 9.3 (Plow)
copy cmssw tar file from store area
SCRAM warning: You are trying to compile/build for architecture slc7_amd64_gcc700 on EL9 OS which might not work.
If you know this SCRAM_ARCH/OS combination works then please first run 'scram build --ignore-arch'.
Done: ProjectRename
=========================================
...
====> Getting limit : 
 <<< Combine >>> 
>>> random number generator seed is 123456
>>> method used is AsymptoticLimits
SimNLL created with 5 channels, 0 generic constraints, 24 fast gaussian constraints, 0 fast poisson constraints, 0 fast group constraints, 

 -- AsymptoticLimits ( CLs ) --
Expected  2.5%: r < 1022.2969
Expected 16.0%: r < 1477.1144
Expected 50.0%: r < 2316.0000
Expected 84.0%: r < 3774.6047
Expected 97.5%: r < 5919.2383

Done in 16.59 min (cpu), 16.75 min (real)
