Starting job on  Sun Feb 4 08:47:45 PM CET 2024
Running on: Linux b9g11p7821.cern.ch 5.14.0-284.30.1.el9_2.x86_64 #1 SMP PREEMPT_DYNAMIC Tue Sep 12 09:28:32 EDT 2023 x86_64 x86_64 x86_64 GNU/Linux
System software: AlmaLinux release 9.3 (Shamrock Pampas Cat)
copy cmssw tar file from store area
SCRAM warning: You are trying to compile/build for architecture slc7_amd64_gcc700 on EL9 OS which might not work.
If you know this SCRAM_ARCH/OS combination works then please first run 'scram build --ignore-arch'.
Done: ProjectRename
=========================================
...
====> Getting limit : 
 <<< Combine >>> 
>>> random number generator seed is 123456
>>> method used is AsymptoticLimits
SimNLL created with 13 channels, 0 generic constraints, 27 fast gaussian constraints, 0 fast poisson constraints, 0 fast group constraints, 

 -- AsymptoticLimits ( CLs ) --
Expected  2.5%: r < 47.5371
Expected 16.0%: r < 68.7486
Expected 50.0%: r < 99.7500
Expected 84.0%: r < 143.8845
Expected 97.5%: r < 209.2801

Done in 6.14 min (cpu), 6.20 min (real)
