Starting job on  Sun Feb 4 08:47:47 PM CET 2024
Running on: Linux b9g34p8066.cern.ch 5.14.0-284.25.1.el9_2.x86_64 #1 SMP PREEMPT_DYNAMIC Thu Jul 20 09:11:28 EDT 2023 x86_64 x86_64 x86_64 GNU/Linux
System software: Red Hat Enterprise Linux release 9.3 (Plow)
copy cmssw tar file from store area
SCRAM warning: You are trying to compile/build for architecture slc7_amd64_gcc700 on EL9 OS which might not work.
If you know this SCRAM_ARCH/OS combination works then please first run 'scram build --ignore-arch'.
Done: ProjectRename
=========================================
...
====> Getting limit : 
 <<< Combine >>> 
>>> random number generator seed is 123456
>>> method used is AsymptoticLimits
SimNLL created with 15 channels, 0 generic constraints, 27 fast gaussian constraints, 0 fast poisson constraints, 0 fast group constraints, 

 -- AsymptoticLimits ( CLs ) --
Expected  2.5%: r < 11.6855
Expected 16.0%: r < 16.3503
Expected 50.0%: r < 24.1250
Expected 84.0%: r < 36.4339
Expected 97.5%: r < 53.0221

Done in 4.01 min (cpu), 4.46 min (real)
