Starting job on  Sun Feb 4 08:47:44 PM CET 2024
Running on: Linux b9g19p0074.cern.ch 5.14.0-284.30.1.el9_2.x86_64 #1 SMP PREEMPT_DYNAMIC Fri Aug 25 09:13:12 EDT 2023 x86_64 x86_64 x86_64 GNU/Linux
System software: Red Hat Enterprise Linux release 9.3 (Plow)
copy cmssw tar file from store area
SCRAM warning: You are trying to compile/build for architecture slc7_amd64_gcc700 on EL9 OS which might not work.
If you know this SCRAM_ARCH/OS combination works then please first run 'scram build --ignore-arch'.
Done: ProjectRename
=========================================
...
====> Getting limit : 
 <<< Combine >>> 
>>> random number generator seed is 123456
>>> method used is AsymptoticLimits
SimNLL created with 13 channels, 0 generic constraints, 26 fast gaussian constraints, 0 fast poisson constraints, 0 fast group constraints, 

 -- AsymptoticLimits ( CLs ) --
Expected  2.5%: r < 66.8047
Expected 16.0%: r < 88.9092
Expected 50.0%: r < 125.7500
Expected 84.0%: r < 180.8869
Expected 97.5%: r < 266.6820

Done in 8.20 min (cpu), 8.27 min (real)
