Starting job on  Sun Feb 4 09:00:00 PM CET 2024
Running on: Linux b9g19p0841.cern.ch 5.14.0-284.30.1.el9_2.x86_64 #1 SMP PREEMPT_DYNAMIC Fri Aug 25 09:13:12 EDT 2023 x86_64 x86_64 x86_64 GNU/Linux
System software: Red Hat Enterprise Linux release 9.3 (Plow)
copy cmssw tar file from store area
Reading cached build data
SCRAM warning: You are trying to compile/build for architecture slc7_amd64_gcc700 on EL9 OS which might not work.
If you know this SCRAM_ARCH/OS combination works then please first run 'scram build --ignore-arch'.
Done: ProjectRename
=========================================
...
====> Getting limit : 
 <<< Combine >>> 
>>> random number generator seed is 123456
>>> method used is AsymptoticLimits
SimNLL created with 12 channels, 0 generic constraints, 26 fast gaussian constraints, 0 fast poisson constraints, 0 fast group constraints, 

 -- AsymptoticLimits ( CLs ) --
Expected  2.5%: r < 34.9189
Expected 16.0%: r < 46.5301
Expected 50.0%: r < 65.2500
Expected 84.0%: r < 93.3396
Expected 97.5%: r < 129.8700

Done in 7.95 min (cpu), 8.09 min (real)
