Starting job on  Sun Feb 4 08:49:10 PM CET 2024
Running on: Linux b9g18p9268.cern.ch 5.14.0-284.30.1.el9_2.x86_64 #1 SMP PREEMPT_DYNAMIC Tue Sep 12 09:28:32 EDT 2023 x86_64 x86_64 x86_64 GNU/Linux
System software: AlmaLinux release 9.3 (Shamrock Pampas Cat)
copy cmssw tar file from store area
SCRAM warning: You are trying to compile/build for architecture slc7_amd64_gcc700 on EL9 OS which might not work.
If you know this SCRAM_ARCH/OS combination works then please first run 'scram build --ignore-arch'.
Done: ProjectRename
=========================================
...
====> Getting limit : 
 <<< Combine >>> 
>>> random number generator seed is 123456
>>> method used is AsymptoticLimits
SimNLL created with 15 channels, 0 generic constraints, 27 fast gaussian constraints, 0 fast poisson constraints, 0 fast group constraints, 

 -- AsymptoticLimits ( CLs ) --
Expected  2.5%: r < 7.1194
Expected 16.0%: r < 10.0670
Expected 50.0%: r < 15.0625
Expected 84.0%: r < 23.5281
Expected 97.5%: r < 35.8836

Done in 2.44 min (cpu), 2.47 min (real)
