Starting job on  Sun Feb 4 08:47:56 PM CET 2024
Running on: Linux b9g02p4318.cern.ch 5.14.0-362.13.1.el9_3.x86_64 #1 SMP PREEMPT_DYNAMIC Thu Dec 21 07:12:43 EST 2023 x86_64 x86_64 x86_64 GNU/Linux
System software: AlmaLinux release 9.3 (Shamrock Pampas Cat)
copy cmssw tar file from store area
SCRAM warning: You are trying to compile/build for architecture slc7_amd64_gcc700 on EL9 OS which might not work.
If you know this SCRAM_ARCH/OS combination works then please first run 'scram build --ignore-arch'.
Done: ProjectRename
=========================================
...
====> Getting limit : 
 <<< Combine >>> 
>>> random number generator seed is 123456
>>> method used is AsymptoticLimits
SimNLL created with 15 channels, 0 generic constraints, 26 fast gaussian constraints, 0 fast poisson constraints, 0 fast group constraints, 

 -- AsymptoticLimits ( CLs ) --
Expected  2.5%: r < 27.3164
Expected 16.0%: r < 37.8853
Expected 50.0%: r < 55.5000
Expected 84.0%: r < 83.3744
Expected 97.5%: r < 119.7331

Done in 5.61 min (cpu), 5.72 min (real)
