Starting job on  Sun Feb 4 08:48:00 PM CET 2024
Running on: Linux b9g19p6263.cern.ch 5.14.0-284.30.1.el9_2.x86_64 #1 SMP PREEMPT_DYNAMIC Fri Aug 25 09:13:12 EDT 2023 x86_64 x86_64 x86_64 GNU/Linux
System software: Red Hat Enterprise Linux release 9.3 (Plow)
copy cmssw tar file from store area
SCRAM warning: You are trying to compile/build for architecture slc7_amd64_gcc700 on EL9 OS which might not work.
If you know this SCRAM_ARCH/OS combination works then please first run 'scram build --ignore-arch'.
Done: ProjectRename
=========================================
...
====> Getting limit : 
 <<< Combine >>> 
>>> random number generator seed is 123456
>>> method used is AsymptoticLimits
SimNLL created with 6 channels, 0 generic constraints, 24 fast gaussian constraints, 0 fast poisson constraints, 0 fast group constraints, 

 -- AsymptoticLimits ( CLs ) --
Expected  2.5%: r < 784.1953
Expected 16.0%: r < 1127.6033
Expected 50.0%: r < 1761.0000
Expected 84.0%: r < 2870.0686
Expected 97.5%: r < 4559.0073

Done in 19.04 min (cpu), 19.44 min (real)
