Starting job on  Sun Feb 4 11:29:27 PM CET 2024
Running on: Linux b9g23p9605.cern.ch 5.14.0-362.8.1.el9_3.x86_64 #1 SMP PREEMPT_DYNAMIC Tue Oct 3 11:12:36 EDT 2023 x86_64 x86_64 x86_64 GNU/Linux
System software: Red Hat Enterprise Linux release 9.3 (Plow)
copy cmssw tar file from store area
SCRAM warning: You are trying to compile/build for architecture slc7_amd64_gcc700 on EL9 OS which might not work.
If you know this SCRAM_ARCH/OS combination works then please first run 'scram build --ignore-arch'.
Done: ProjectRename
=========================================
...
====> Getting limit : 
 <<< Combine >>> 
>>> random number generator seed is 123456
>>> method used is AsymptoticLimits
SimNLL created with 24 channels, 0 generic constraints, 85 fast gaussian constraints, 0 fast poisson constraints, 0 fast group constraints, 

 -- AsymptoticLimits ( CLs ) --
Expected  2.5%: r < 63.9160
Expected 16.0%: r < 90.3603
Expected 50.0%: r < 137.5000
Expected 84.0%: r < 216.9717
Expected 97.5%: r < 331.6876

Done in 23.45 min (cpu), 23.65 min (real)
